<?xml version="1.0" encoding="UTF-8"?>
<testsuite name="TestFunctions" tests="1" skipped="0" failures="0" errors="0" timestamp="2019-11-19T10:01:42" hostname="HP-PROBOOK" time="0.195">
  <properties/>
  <testcase name="collection" classname="TestFunctions" time="0.195"/>
  <system-out><![CDATA[]]></system-out>
  <system-err><![CDATA[]]></system-err>
</testsuite>
